  raudio.c
D:\School\Programming\Projects\Chemistry-Biology-project---The-Lab-Rats\game\raylib-master\src\external\qoa.h(325,20): warning C4018: '<': signed/unsigned mismatch
D:\School\Programming\Projects\Chemistry-Biology-project---The-Lab-Rats\game\raylib-master\src\external\qoa.h(338,42): warning C4018: '<': signed/unsigned mismatch
D:\School\Programming\Projects\Chemistry-Biology-project---The-Lab-Rats\game\raylib-master\src\external\qoa.h(340,21): warning C4018: '<': signed/unsigned mismatch
D:\School\Programming\Projects\Chemistry-Biology-project---The-Lab-Rats\game\raylib-master\src\external\qoa.h(425,20): warning C4018: '<': signed/unsigned mismatch
D:\School\Programming\Projects\Chemistry-Biology-project---The-Lab-Rats\game\raylib-master\src\external\qoa.h(448,42): warning C4018: '<': signed/unsigned mismatch
D:\School\Programming\Projects\Chemistry-Biology-project---The-Lab-Rats\game\raylib-master\src\external\qoa.h(523,14): warning C4018: '>': signed/unsigned mismatch
D:\School\Programming\Projects\Chemistry-Biology-project---The-Lab-Rats\game\raylib-master\src\external\qoa.h(651,15): warning C4267: '=': conversion from 'size_t' to 'int', possible loss of data
D:\School\Programming\Projects\Chemistry-Biology-project---The-Lab-Rats\game\raylib-master\src\external\qoaplay.c(93,16): warning C4267: 'initializing': conversion from 'size_t' to 'int', possible loss of data
D:\School\Programming\Projects\Chemistry-Biology-project---The-Lab-Rats\game\raylib-master\src\external\qoaplay.c(184,46): warning C4267: '=': conversion from 'size_t' to 'unsigned int', possible loss of data
D:\School\Programming\Projects\Chemistry-Biology-project---The-Lab-Rats\game\raylib-master\src\external\qoaplay.c(233,27): warning C4018: '<': signed/unsigned mismatch
D:\School\Programming\Projects\Chemistry-Biology-project---The-Lab-Rats\game\raylib-master\src\external\qoaplay.c(235,73): warning C4244: '=': conversion from 'double' to 'float', possible loss of data
D:\School\Programming\Projects\Chemistry-Biology-project---The-Lab-Rats\game\raylib-master\src\external\qoaplay.c(268,15): warning C4018: '>': signed/unsigned mismatch
D:\School\Programming\Projects\Chemistry-Biology-project---The-Lab-Rats\game\raylib-master\src\external\jar_xm.h(242,1): warning C4005: 'DEBUG': macro redefinition
D:\School\Programming\Projects\Chemistry-Biology-project---The-Lab-Rats\game\raylib-master\src\external\jar_xm.h(242,1): message : 'DEBUG' previously declared on the command line
D:\School\Programming\Projects\Chemistry-Biology-project---The-Lab-Rats\game\raylib-master\src\raudio.c(1290,53): warning C4090: 'function': different 'const' qualifiers
  rcore.c
  rglfw.c
  rmodels.c
  rshapes.c
  rtext.c
  rtextures.c
  utils.c
  Generating Code...
  raylib.vcxproj -> D:\School\Programming\Projects\Chemistry-Biology-project---The-Lab-Rats\game\_bin\Debug\raylib.lib
